<?xml version="1.0" encoding="UTF-8"?>
<!-- Generated by org.testng.reporters.JUnitReportReporter -->
<testsuite hostname="DESKTOP-B2RJLMO" failures="0" tests="1" name="organization.orgTests" time="0.009" errors="0" timestamp="2023-11-15T11:30:57 IST" skipped="0">
  <testcase classname="organization.orgTests" name="test1" time="0.009"/>
  <system-out>
    <![CDATA[Reporter running]]>
  </system-out>
</testsuite> <!-- organization.orgTests -->
